commit 8bf656252d7bf820bf610df94b6b28fc7ecc3e3b
Author: Bi G Low <bcl15@spitfire.ae.ic.ac.uk>
Date:   Sun Mar 10 00:44:22 2019 +0000

    Refactored and added comments to both serial and parallel targets

M	parSrc/Burgers2P.cpp
D	parSrc/Helpers.cpp
D	parSrc/Helpers.h
M	parSrc/Model2P.cpp
M	serSrc/BLAS_Wrapper.h
M	serSrc/Burgers.cpp
M	serSrc/Burgers.h
D	serSrc/Helpers.cpp
D	serSrc/Helpers.h
M	serSrc/Model.cpp
M	serSrc/Model.h

commit dc245ed303105f5e95a1fa75129766f3f9ee0693
Author: Bi G Low <bcl15@spitfire.ae.ic.ac.uk>
Date:   Sun Mar 10 00:15:07 2019 +0000

    split into 2 functions for better readability

M	parSrc/Burgers2P.cpp
M	parSrc/Burgers2P.h
M	parSrc/Model2P.cpp

commit cefab1610465fd38ba4a350140094354ddf5017b
Author: Gerald Low <gerald.low@skyscanner.net>
Date:   Sat Mar 9 19:41:23 2019 +0000

    unroll *dt loop - faster

M	parSrc/Burgers2P.cpp

commit 3051f28c956d6f566a3d9413a97b7eea644355ee
Author: Gerald Low <gerald.low@skyscanner.net>
Date:   Sat Mar 9 19:13:40 2019 +0000

    faster without struct to U, V

M	parSrc/Burgers2P.cpp
M	parSrc/Burgers2P.h

commit 581989241c2756d734a59a3298e1177f32c88a05
Author: Gerald Low <gerald.low@skyscanner.net>
Date:   Sat Mar 9 15:41:24 2019 +0000

    removed Vel_t

M	parSrc/Burgers2P.cpp
M	parSrc/Burgers2P.h

commit af184ceb9b08b46ecb68983415eae695c8165d8a
Author: Gerald Low <gerald.low@skyscanner.net>
Date:   Sat Mar 9 15:36:27 2019 +0000

    28s with daxpy at the end

M	parSrc/BLAS_Wrapper.h
M	parSrc/Burgers2P.cpp

commit 15b095cc2e8b2429158c21d5c3738175fb9b3694
Author: Gerald Low <gerald.low@skyscanner.net>
Date:   Sat Mar 9 15:28:14 2019 +0000

    Even faster joining loops, 38s

M	parSrc/Burgers2P.cpp
M	parSrc/Model2P.cpp

commit 8e1262185e954cb01b3024337c994a89aef35ce8
Author: Bi G Low <bcl15@spitfire.ae.ic.ac.uk>
Date:   Fri Mar 8 21:27:28 2019 +0000

    TODO: bitshift the conditionals

M	parSrc/Burgers2P.cpp

commit 5f5bc5c2784e09709be15ef473c513a189bbee7c
Author: Bi G Low <bcl15@spitfire.ae.ic.ac.uk>
Date:   Fri Mar 8 20:44:28 2019 +0000

    faster with consts set beforehand

M	Makefile
M	parSrc/Burgers2P.cpp
M	parSrc/Burgers2P.h
M	parSrc/Model2P.cpp
M	parSrc/Model2P.h

commit 5dc5a546cf7e1f05e81f72edffcd261914bd3493
Author: Bi G Low <bcl15@spitfire.ae.ic.ac.uk>
Date:   Fri Mar 8 19:39:15 2019 +0000

    faster without loop blocking

M	parSrc/Burgers2P.cpp
M	parSrc/Model2P.cpp

commit cda25902129324c0679ac5b47051327ffc2fc348
Author: Gerald Low <gerald.low@skyscanner.net>
Date:   Thu Mar 7 23:22:37 2019 +0000

    Test: loop blocking method for first derivatives

M	Makefile
M	serSrc/Burgers.cpp
M	serSrc/Model.cpp

commit f840ce0bb753a65ac0f70c040b70a176c60957c6
Author: Gerald Low <gerald.low@skyscanner.net>
Date:   Thu Mar 7 20:16:39 2019 +0000

    Split up functions for better readability

M	serSrc/Burgers.cpp
M	serSrc/Burgers.h
M	serSrc/Model.cpp

commit 4415f0b2e5cb406e127ee271768c4cb7c911f254
Author: Gerald Low <gerald.low@skyscanner.net>
Date:   Thu Mar 7 19:54:29 2019 +0000

    Update serial code to reflect changes

M	parSrc/Model2P.cpp
M	serSrc/Burgers.cpp
M	serSrc/Burgers.h
M	serSrc/Model.cpp

commit b41909e21f42ff15e890f67b031df42426287d63
Author: Bi G Low <bcl15@spitfire.ae.ic.ac.uk>
Date:   Thu Mar 7 19:05:52 2019 +0000

    added transpose

M	parSrc/Burgers2P.cpp
M	parSrc/Burgers2P.h

commit 8ed6e994d7dc9d131dcdbaf94c7cd608f14ee318
Author: Bi G Low <bcl15@spitfire.ae.ic.ac.uk>
Date:   Thu Mar 7 18:08:47 2019 +0000

    general optimizaitons

M	parSrc/Burgers2P.cpp
M	parSrc/Burgers2P.h

commit 591b4d659aa8577449be63feccdc1b21f869236b
Author: Bi G Low <bcl15@spitfire.ae.ic.ac.uk>
Date:   Thu Mar 7 17:39:14 2019 +0000

    Ofast and loop blocking

M	Makefile
M	parSrc/Burgers2P.cpp

commit 2b255fa123c20e7bcf26d3c1c1ebb6d0c2cddf62
Author: Bi G Low <bcl15@spitfire.ae.ic.ac.uk>
Date:   Thu Mar 7 15:57:12 2019 +0000

    Use nested loop

M	parSrc/Burgers2P.cpp

commit fc52b8802cd24ff7a82e019f4232c45c3208ec38
Author: Bi G Low <bcl15@spitfire.ae.ic.ac.uk>
Date:   Thu Mar 7 14:54:51 2019 +0000

    Refactored NextVelocityState parameters

M	parSrc/Burgers2P.cpp
M	parSrc/Burgers2P.h

commit a293f471ce58c79d6d06ac99e58d7d25f21078c5
Author: Bi G Low <bcl15@spitfire.ae.ic.ac.uk>
Date:   Thu Mar 7 14:52:42 2019 +0000

    Only set MPI request allocation in constructor

M	Makefile
M	parSrc/Burgers2P.cpp
M	parSrc/Burgers2P.h

commit 63c880fa09c5a6db2f886bb00c96efa61286f758
Author: Bi G Low <bcl15@spitfire.ae.ic.ac.uk>
Date:   Thu Mar 7 14:27:28 2019 +0000

    Removed .o objects

D	parSrc/Burgers2P.o
D	parSrc/Helpers.o
D	parSrc/Model2P.o
D	parSrc/parallelEntryPoint.o

commit 69b00908c8ddcdfbe5b6119050717b4630399936
Author: Bi G Low <bcl15@spitfire.ae.ic.ac.uk>
Date:   Thu Mar 7 14:27:09 2019 +0000

    reduced further to NextVel alone

M	parSrc/Burgers2P.cpp
M	parSrc/Burgers2P.h

commit 2eca1eee192126b52375f2cb7ef9a00a0fa8b82a
Author: Bi G Low <bcl15@spitfire.ae.ic.ac.uk>
Date:   Thu Mar 7 13:31:02 2019 +0000

    Reduced to dVel alone

M	parSrc/Burgers2P.cpp
M	parSrc/Burgers2P.h
A	parSrc/Burgers2P.o
A	parSrc/Helpers.o
M	parSrc/Model2P.cpp
A	parSrc/Model2P.o
A	parSrc/parallelEntryPoint.o

commit 070ce1a47ab12421a5cbac78e5a0c6156e716c9a
Author: Bi G Low <bcl15@spitfire.ae.ic.ac.uk>
Date:   Thu Mar 7 13:04:39 2019 +0000

    Refactored to exploit data locality

M	parSrc/Burgers2P.cpp
M	parSrc/Burgers2P.h
M	parSrc/Helpers.cpp
M	parSrc/Helpers.h
M	parSrc/Model2P.cpp

commit 346250602167331a53a24ac8c6b19e7dc45b0eda
Author: Gerald Low <gerald.low@skyscanner.net>
Date:   Sat Mar 2 21:23:13 2019 +0000

    Submission state - try on linux

D	data_report_4001.txt
D	experiments.m
M	parSrc/Model2P.cpp
D	plotData.m
M	serSrc/Model.cpp

commit fe2319d5a75d13407bc7cb8db9a495e0f1834ad3
Author: Gerald Low <gerald.low@skyscanner.net>
Date:   Sat Mar 2 21:14:17 2019 +0000

    Refactor and document serSrc/

M	serSrc/BLAS_Wrapper.h
M	serSrc/Burgers.cpp
M	serSrc/Burgers.h
M	serSrc/Helpers.cpp
M	serSrc/Helpers.h
M	serSrc/Model.cpp

commit 538d81020fb4da80bbe090048cb0b77e5d3883e6
Author: Gerald Low <gerald.low@skyscanner.net>
Date:   Sat Mar 2 21:08:48 2019 +0000

    Refactor and document code in parSrc/

M	parSrc/BLAS_Wrapper.h
M	parSrc/Burgers2P.cpp
M	parSrc/Burgers2P.h
M	parSrc/Helpers.cpp
M	parSrc/Helpers.h
M	parSrc/Model2P.cpp

commit f86b38a07b2e538746f6018016be31929668ebbb
Author: Gerald Low <gerald.low@skyscanner.net>
Date:   Sat Mar 2 20:51:42 2019 +0000

    Added plotting scripts

A	experiments.m
M	plotData.m

commit 4f1888658a3e5331c10986a9aaec465e69eaf96e
Author: Gerald Low <gerald.low@skyscanner.net>
Date:   Sat Mar 2 16:41:46 2019 +0000

    Ready to test 501 x 501 x 501

M	parSrc/Model2P.cpp
M	serSrc/Burgers.cpp
M	serSrc/Model.cpp

commit 7fcdcce2b04f9a114a0f77c26685694ce7f8c477
Author: Gerald Low <gerald.low@skyscanner.net>
Date:   Sat Mar 2 16:29:29 2019 +0000

    Edit serial code to match logic of parallel

M	serSrc/BLAS_Wrapper.h
M	serSrc/Burgers.cpp
M	serSrc/Burgers.h
M	serSrc/Helpers.cpp
M	serSrc/Helpers.h
M	serSrc/Model.cpp
M	serSrc/Model.h

commit 97a9936cf510c524c1011595bd5e1989fd68f6cb
Author: Gerald Low <gerald.low@skyscanner.net>
Date:   Sat Mar 2 16:06:24 2019 +0000

    Remove CopyAndDelete. To test difference?

M	parSrc/Burgers2P.cpp
M	parSrc/Burgers2P.h

commit 8f7f5cadf7d201a0e9d499a6dcc6d750d71755f1
Author: Gerald Low <gerald.low@skyscanner.net>
Date:   Sat Mar 2 16:01:02 2019 +0000

    Minor refactoring

M	parSrc/Burgers2P.cpp

commit fedb6d2709507c245a8938cdf7b69ccdbab35b6e
Author: Gerald Low <gerald.low@skyscanner.net>
Date:   Sat Mar 2 15:56:59 2019 +0000

    Set MPI requests as a instance var

M	parSrc/Burgers2P.cpp
M	parSrc/Burgers2P.h

commit 99158931b0311d774556ffd4368d17a37fde4262
Author: Gerald Low <gerald.low@skyscanner.net>
Date:   Sat Mar 2 15:48:25 2019 +0000

    GenTrmmBanded edited

M	parSrc/Burgers2P.cpp
M	parSrc/Helpers.cpp
M	parSrc/Helpers.h

commit 6c241b4049d73a20f5a13dc89bf4bb5bc96a2a9f
Author: Gerald Low <gerald.low@skyscanner.net>
Date:   Sat Mar 2 15:32:51 2019 +0000

    Minor refactoring

M	parSrc/Burgers2P.cpp

commit ab6b37ca0042d9c127066592f0e2a39c1c3e9043
Author: Gerald Low <gerald.low@skyscanner.net>
Date:   Sat Mar 2 15:23:39 2019 +0000

    Significant refactoring to banded format

M	parSrc/Burgers2P.cpp
M	parSrc/Burgers2P.h
M	parSrc/Helpers.cpp
M	parSrc/Helpers.h

commit dc7a29a286497ee38a331c73be994e8fe09c47e6
Author: Gerald Low <gerald.low@skyscanner.net>
Date:   Sat Mar 2 15:13:01 2019 +0000

    Changed all to banded routine

M	parSrc/Burgers2P.cpp
M	parSrc/Burgers2P.h

commit 79ef3d2031307065ddb6b66538fe1358f7a0335d
Author: Gerald Low <gerald.low@skyscanner.net>
Date:   Sat Mar 2 14:14:32 2019 +0000

    minor refactoring on parSrc/Burgers2P.cpp

M	parSrc/Burgers2P.cpp

commit 4cad0dbfa20cb060cacf6c24f5dd682f5c9ee072
Author: Gerald Low <gerald.low@skyscanner.net>
Date:   Sat Mar 2 14:11:57 2019 +0000

    Working: Only change symm mm routine to dgbmv

M	parSrc/Burgers2P.cpp

commit 048a1ddabb9b7db7afaaa9cb7d3fc5c8379e2f90
Author: Gerald Low <gerald.low@skyscanner.net>
Date:   Sat Mar 2 13:48:27 2019 +0000

    WPI fix GenTrmmBanded()

M	parSrc/Burgers2P.cpp
M	parSrc/Helpers.cpp

commit e8f45cac911a63f29d1c7d6ff50787b1d2860914
Author: Gerald Low <gerald.low@skyscanner.net>
Date:   Sat Mar 2 12:51:42 2019 +0000

    Use dgbmv routine for 2nd differential

M	parSrc/Burgers2P.cpp
M	parSrc/Helpers.cpp
M	parSrc/Helpers.h

commit 2110a241e0a4316397fcc35bda49fe9972d21578
Author: Gerald Low <gerald.low@skyscanner.net>
Date:   Sat Mar 2 12:51:17 2019 +0000

    Add dgbmv routine

M	parSrc/BLAS_Wrapper.h

commit 3675b02eaa11f9855ffc7c6a916e69c36e88680e
Author: Gerald Low <gerald.low@skyscanner.net>
Date:   Sat Mar 2 10:20:08 2019 +0000

    Set constants for Burger problem in Model

M	parSrc/Burgers2P.cpp
M	parSrc/Model2P.cpp
M	parSrc/Model2P.h

commit 6c6a08b1a120e257cc0ba18980b17e12edd48899
Author: Gerald Low <gerald.low@skyscanner.net>
Date:   Fri Mar 1 22:15:00 2019 +0000

    Implement non-blocking send/recvs

M	parSrc/Burgers2P.cpp
M	parSrc/Burgers2P.h

commit b0da0549577504d8df325fedeab2b2ced3c23371
Merge: 6d6c43b e9f8730
Author: Bi G Low <bcl15@spitfire.ae.ic.ac.uk>
Date:   Fri Mar 1 21:58:05 2019 +0000

    Merge branch 'college' of https://github.com/geraldlow7/hpc_coursework into college

commit 6d6c43b71d7d49cbc75fdb79433642d838a6f860
Author: Bi G Low <bcl15@spitfire.ae.ic.ac.uk>
Date:   Fri Mar 1 21:57:30 2019 +0000

    WPI: Use MPI_ISend and MPI_IRecv 2

D	parSrc/Burgers2P.o
D	parSrc/Helpers.o
D	parSrc/Model2P.o
D	parSrc/parallelEntryPoint.o

commit 536fb3520298ab3644d426c936f97be09cd35244
Author: Bi G Low <bcl15@spitfire.ae.ic.ac.uk>
Date:   Fri Mar 1 21:56:21 2019 +0000

    WPI: Use MPI_ISend and MPI_IRecv

M	parSrc/Burgers2P.cpp
A	parSrc/Burgers2P.o
A	parSrc/Helpers.o
M	parSrc/Model2P.cpp
A	parSrc/Model2P.o
A	parSrc/parallelEntryPoint.o

commit 573bd0998719762c0a1d99096a4cccb6c1ccea57
Author: Bi G Low <bcl15@spitfire.ae.ic.ac.uk>
Date:   Fri Mar 1 21:17:24 2019 +0000

    Optimisations in adding every non-linear term in for loop, allocating mem to zero, etc to parSrc

M	parSrc/Burgers2P.cpp
M	parSrc/Burgers2P.h
M	parSrc/Helpers.cpp
M	parSrc/Helpers.h

commit e9f873007d1c2420063a080213b1baabc7d5d197
Author: Gerald Low <gerald.low@skyscanner.net>
Date:   Fri Mar 1 20:11:01 2019 +0000

    Modify plotData.m for plotting

M	parSrc/Model2P.cpp
M	plotData.m
M	serSrc/Model.cpp

commit 2ca63a4c505f0c37add603ef84bfc8ee1a4e0f94
Author: Bi G Low <bcl15@spitfire.ae.ic.ac.uk>
Date:   Fri Mar 1 20:05:31 2019 +0000

    Run full report test

A	data_report_4001.txt
M	parSrc/Burgers2P.cpp
M	parSrc/Model2P.cpp
M	serSrc/Model.cpp

commit 273aea0faddbf200f0d395055a1c988134d04455
Author: Gerald Low <gerald.low@skyscanner.net>
Date:   Fri Mar 1 18:02:00 2019 +0000

    Changed CXX variable in makefile to mpicxx

M	Makefile

commit a6a5426d8e764ed90c7f98bcdbe365b97385848b
Author: Gerald Low <gerald.low@skyscanner.net>
Date:   Fri Mar 1 00:32:57 2019 +0000

    Changed initialvelocity calculation format

M	serSrc/Burgers.cpp

commit 40b149e3d24896bbebc653ed5d7e6d0872059b65
Author: Gerald Low <gerald.low@skyscanner.net>
Date:   Thu Feb 28 22:17:50 2019 +0000

    Refactored to save memory and only write last timestamp

M	hostfile
M	parSrc/Burgers2P.cpp
M	parSrc/Burgers2P.h
M	parSrc/Model2P.cpp
M	parSrc/parallelEntryPoint.cpp
A	plotData.m
M	serSrc/Burgers.cpp
M	serSrc/Burgers.h
M	serSrc/Helpers.cpp
M	serSrc/Helpers.h
M	serSrc/Model.cpp
M	serSrc/serialEntryPoint.cpp

commit 308b2dac6558a744ff81eeec46543d9f1a328cf9
Author: Gerald Low <gerald.low@skyscanner.net>
Date:   Thu Feb 28 21:07:23 2019 +0000

    Updated maths for energy and initial vel (now correct)

M	parSrc/Burgers2P.cpp
M	parSrc/Model2P.cpp
M	serSrc/Burgers.cpp
M	serSrc/Model.cpp

commit bade7416607399afe6b1cec94ff1fc45912d2413
Author: Gerald Low <gerald.low@skyscanner.net>
Date:   Wed Feb 27 19:20:10 2019 +0000

    Added target for report specification

M	Makefile

commit 905801d80577addeca73e968a97988d4efaf5b32
Author: Gerald Low <gerald.low@skyscanner.net>
Date:   Wed Feb 27 18:50:38 2019 +0000

    Added time recordings

M	parSrc/parallelEntryPoint.cpp
M	serSrc/serialEntryPoint.cpp

commit 91b7c8bc0d5519f944a23ef5b22cebc46095809e
Author: Gerald Low <gerald.low@skyscanner.net>
Date:   Wed Feb 27 18:19:37 2019 +0000

    Add documentation for serial code

M	serSrc/Burgers.cpp
M	serSrc/Burgers.h
M	serSrc/Helpers.cpp
M	serSrc/Helpers.h
M	serSrc/Model.cpp
M	serSrc/Model.h

commit f61de0ba1c7226e3ae34af3a26bdfc652b335456
Author: Gerald Low <gerald.low@skyscanner.net>
Date:   Wed Feb 27 18:18:51 2019 +0000

    Removed TODO for Parseexception

M	parSrc/ParseException.h
M	serSrc/ParseException.h

commit a8241407f4dac52bb06c5a915ef3748e0266acd7
Author: Gerald Low <gerald.low@skyscanner.net>
Date:   Wed Feb 27 18:00:19 2019 +0000

    Add documentation to helpers and model classes

M	parSrc/Helpers.cpp
M	parSrc/Helpers.h
M	parSrc/Model2P.cpp
M	parSrc/Model2P.h

commit b8a829dd9746e3ece308dd82700f752e35425cf2
Author: Gerald Low <gerald.low@skyscanner.net>
Date:   Wed Feb 27 14:37:45 2019 +0000

    Added documentation for Burgers class

M	parSrc/Burgers2P.cpp
M	parSrc/Burgers2P.h

commit 2dcf5da9fd52cd1116de49afb2981950c1a1c551
Author: Gerald Low <gerald.low@skyscanner.net>
Date:   Wed Feb 27 11:59:58 2019 +0000

    Works for 2x2. Minor refactoring

M	parSrc/Burgers2P.cpp
M	parSrc/Model2P.cpp

commit 33eed849ced6d467ebdd356ebaa6ce063dbf63e6
Author: Gerald Low <gerald.low@skyscanner.net>
Date:   Wed Feb 27 11:28:31 2019 +0000

    MPI debug writefile up and down (2)

D	parSrc/Burgers2P.o
D	parSrc/Helpers.o
D	parSrc/Model2P.o
D	parSrc/parallelEntryPoint.o

commit 1b6d720aa18951f36f04e00432634616272ab38e
Author: Gerald Low <gerald.low@skyscanner.net>
Date:   Wed Feb 27 11:27:18 2019 +0000

    MPI debug writefile up and down

M	parSrc/Burgers2P.cpp
A	parSrc/Burgers2P.o
A	parSrc/Helpers.o
A	parSrc/Model2P.o
A	parSrc/parallelEntryPoint.o

commit 96e6d966806e07da6c509c2e89b648e0c12c3edb
Author: Gerald Low <gerald.low@skyscanner.net>
Date:   Wed Feb 27 11:10:10 2019 +0000

    Implement WriteVelocityFile() and AssembleMatrix(). To test

M	parSrc/Burgers2P.cpp
M	parSrc/Burgers2P.h
M	parSrc/Model2P.cpp
M	parSrc/Model2P.h
M	parSrc/parallelEntryPoint.cpp

commit df661c114dae4dd77ca70e87235f257156fefe5d
Author: Gerald Low <gerald.low@skyscanner.net>
Date:   Tue Feb 26 15:40:37 2019 +0000

    Implement and tested SetEnergy()

M	parSrc/Burgers2P.cpp
M	parSrc/parallelEntryPoint.cpp

commit 2b565395fbd83bc4cf64e9e108630a77629fa846
Author: Gerald Low <gerald.low@skyscanner.net>
Date:   Tue Feb 26 15:15:38 2019 +0000

    Implement and tested SetIntegratedVelocity()

M	Makefile
M	parSrc/Burgers2P.cpp
M	parSrc/Burgers2P.h
M	parSrc/parallelEntryPoint.cpp

commit 3bcc156275ff438e0c97282645d6f3e3604e296e
Author: Gerald Low <gerald.low@skyscanner.net>
Date:   Tue Feb 26 14:30:31 2019 +0000

    Implement parallel bit for SetCaches(), UpdateBounds()

M	parSrc/Burgers2P.cpp
M	parSrc/Burgers2P.h

commit d576ab5247ac5a41573d663b72049f0045832c2a
Author: Gerald Low <gerald.low@skyscanner.net>
Date:   Mon Feb 25 22:44:56 2019 +0000

    WIP (Incomplete) Refactor workflow, working on setting cache, UpdateBounds()

M	parSrc/Burgers2P.cpp
M	parSrc/Burgers2P.h
M	parSrc/Helpers.cpp
M	parSrc/Helpers.h
M	parSrc/Model2P.cpp
M	parSrc/Model2P.h

commit 65fc065233dc933940b97d2bae3993c46e4544e2
Author: Gerald Low <gerald.low@skyscanner.net>
Date:   Mon Feb 25 14:30:41 2019 +0000

    Implement SetInitialVelocity()

M	parSrc/Burgers2P.cpp

commit b385247b6fc8b1f9be0b00e63dbd0fdcd85b6126
Author: Gerald Low <gerald.low@skyscanner.net>
Date:   Mon Feb 25 14:26:16 2019 +0000

    Add debug path and GetDispls

M	Makefile
A	hostfile
M	parSrc/Burgers2P.cpp
M	parSrc/Model2P.cpp
M	parSrc/Model2P.h

commit 0192448d3f06784f7733feb2882f59b4e530e997
Author: Gerald Low <gerald.low@skyscanner.net>
Date:   Mon Feb 25 13:55:23 2019 +0000

    Implement Set Cartesian grid, get loc_coords

M	parSrc/Model2P.cpp
M	parSrc/Model2P.h

commit 070a4f8fa52ce76e985e720acc52563615e3cc7c
Author: Gerald Low <gerald.low@skyscanner.net>
Date:   Mon Feb 25 13:32:31 2019 +0000

    Refactor calling routines and build variables

M	Makefile
D	main.cpp
R100	BLAS_Wrapper.h	parSrc/BLAS_Wrapper.h
R100	Burgers2P.cpp	parSrc/Burgers2P.cpp
R097	Burgers2P.h	parSrc/Burgers2P.h
R100	Helpers.cpp	parSrc/Helpers.cpp
R100	Helpers.h	parSrc/Helpers.h
R096	Model.cpp	parSrc/Model2P.cpp
R093	Model.h	parSrc/Model2P.h
R100	ParseException.h	parSrc/ParseException.h
A	parSrc/parallelEntryPoint.cpp
A	serSrc/BLAS_Wrapper.h
R100	Burgers.cpp	serSrc/Burgers.cpp
R100	Burgers.h	serSrc/Burgers.h
A	serSrc/Helpers.cpp
A	serSrc/Helpers.h
A	serSrc/Model.cpp
A	serSrc/Model.h
A	serSrc/ParseException.h
A	serSrc/serialEntryPoint.cpp

commit 43b594f3eb607e0984de691386fe020490766798
Author: Gerald Low <gerald.low@skyscanner.net>
Date:   Mon Feb 25 09:59:06 2019 +0000

    Refactored workflow around Model

M	Makefile
M	Model.cpp
M	Model.h

commit 05d0d94c07b852a60500b68e97791b9886e38968
Author: Gerald Low <gerald.low@skyscanner.net>
Date:   Mon Feb 25 09:37:16 2019 +0000

    MPI Add SetGridParameters()

M	Model.cpp
M	Model.h

commit c9783d2997c9d6b74a26f185b2ac86afb2ebd69d
Author: Gerald Low <gerald.low@skyscanner.net>
Date:   Mon Feb 25 09:02:52 2019 +0000

    Minor refactoring to ParseParameters()

M	Model.cpp
M	Model.h
M	main.cpp

commit 1b6c60bbdb61f0a814645fd33bb272c4f6d72b14
Author: Gerald Low <gerald.low@skyscanner.net>
Date:   Sun Feb 24 15:30:40 2019 +0000

    Update makefile with variable naming scheme

M	Helpers.cpp
M	Makefile

commit ddcdc9b19ea2233ddec56505d708adc747fd3024
Merge: 60cdecf 63eb354
Author: Gerald Low <gerald.low@skyscanner.net>
Date:   Sun Feb 24 10:10:11 2019 +0000

    Merge branch 'mpi'

commit 63eb3548d4812de1e7d35d16181de498e8dc78f2
Author: Gerald Low <gerald.low@skyscanner.net>
Date:   Sun Feb 24 10:10:04 2019 +0000

    Moved typedef to top of main

M	main.cpp

commit 308d6ce78de6251b5d4516ac1e979eb94f9735b7
Author: Gerald Low <gerald.low@skyscanner.net>
Date:   Sun Feb 24 10:05:45 2019 +0000

    Revise Makefile, minor refactoring, add serial Burger class

M	BLAS_Wrapper.h
M	Burgers.cpp
M	Burgers.h
A	Burgers2P.cpp
A	Burgers2P.h
M	Helpers.cpp
M	Makefile
M	Model.cpp
M	main.cpp

commit 109cf6e5bcfb4bdccd2c000d03d993a889fa6063
Author: Gerald Low <gerald.low@skyscanner.net>
Date:   Sun Feb 24 00:57:30 2019 +0000

    MPI Parallelize SetEnergy()

M	Burgers.cpp
M	Burgers.h
M	main.cpp

commit 352a73bc6422f654574d3f56b2d7d398907b5728
Author: Gerald Low <gerald.low@skyscanner.net>
Date:   Sun Feb 24 00:38:51 2019 +0000

    WORKING: Added prefactor to cache sections

M	Burgers.cpp

commit 1c63c5ecae6496e43c59771ce266dc6ebe378409
Author: Gerald Low <gerald.low@skyscanner.net>
Date:   Sat Feb 23 18:00:52 2019 +0000

    changed sign of dVeldx

M	Burgers.cpp
M	Burgers.h

commit 737e5db7b6ede621848ef1ad42c9c4421316b628
Author: Gerald Low <gerald.low@skyscanner.net>
Date:   Sat Feb 23 17:05:36 2019 +0000

    Find where parallel program is copying data from LHS

M	Burgers.cpp
M	Helpers.cpp
M	Helpers.h

commit e6662e07e2fde13aa44c186888773955c7c68dbf
Author: Gerald Low <gerald.low@skyscanner.net>
Date:   Sat Feb 23 16:44:46 2019 +0000

    Suppress setEnergy to focus on velocity disparity

M	Burgers.cpp
M	main.cpp

commit e89fdae76f0c25e4a5e994571985eedc30008524
Author: Gerald Low <gerald.low@skyscanner.net>
Date:   Sat Feb 23 16:17:53 2019 +0000

    Fixed pointer malloc

M	Burgers.cpp
M	main.cpp

commit 8cbb8b0b98c52a92b7058c3576ad6e1ea9a63147
Author: Gerald Low <gerald.low@skyscanner.net>
Date:   Sat Feb 23 15:55:54 2019 +0000

    MPI WIP: Malloc Pointer in cache

M	Burgers.cpp

commit 3a7147a45bea6d207d1b943f1717313d41d020bd
Author: Gerald Low <gerald.low@skyscanner.net>
Date:   Sat Feb 23 15:35:25 2019 +0000

    Add Cache of previous/next column for x

M	Burgers.cpp
M	Burgers.h

commit 049671968e1249c6a2c2ae65725368939e789ff4
Author: Gerald Low <gerald.low@skyscanner.net>
Date:   Sat Feb 23 14:20:50 2019 +0000

    Back to 11 * 11

M	Model.cpp

commit bcc6d7057dd225196f36c1b9f1fa68232897b4d3
Author: Gerald Low <gerald.low@skyscanner.net>
Date:   Sat Feb 23 13:48:55 2019 +0000

    Try 21 X 21

M	Burgers.cpp
M	Model.cpp

commit 60cdecf0153f52be849fb6240c7f12656c94162b
Author: Gerald Low <gerald.low@skyscanner.net>
Date:   Sat Feb 23 13:35:55 2019 +0000

    Fix matrix LDx to BLAS convention

M	Burgers.cpp

commit 29bc66efc4b11b4925fb1a2efb36809f9f3b805b
Author: Gerald Low <gerald.low@skyscanner.net>
Date:   Sat Feb 23 13:34:23 2019 +0000

    MPI WIP: Working but wrong matrix entries

M	Burgers.cpp

commit aa666d38394385b9c5592f87ae1240d988603da1
Author: Gerald Low <gerald.low@skyscanner.net>
Date:   Sat Feb 23 13:01:51 2019 +0000

    Fix U0 calculation

M	Burgers.cpp

commit b1d36c19792aec72e8f38fa4b77dde84b6c6a0f4
Author: Gerald Low <gerald.low@skyscanner.net>
Date:   Sat Feb 23 13:00:34 2019 +0000

    MPI WIP: Fix LDx parameters in all function calls

M	Burgers.cpp
M	Helpers.cpp

commit f5cf25ba73215ae19986c83e14b97edb62b4cf17
Author: Gerald Low <gerald.low@skyscanner.net>
Date:   Sat Feb 23 10:43:20 2019 +0000

    Fix syntax errors

M	Makefile

commit 8c902162425d50285702eb81c89739f8dedb2e53
Author: Gerald Low <gerald.low@skyscanner.net>
Date:   Sat Feb 23 10:43:07 2019 +0000

    Try Alltoall instead of Scatter

M	Burgers.cpp
M	Model.cpp

commit 09fc5840191af05024860c599f7fcfc757449f26
Author: Gerald Low <gerald.low@skyscanner.net>
Date:   Sat Feb 23 10:42:06 2019 +0000

    Add printDebug helper for debugging

M	Helpers.cpp
M	Helpers.h

commit ec405ad087af246de17b6ff237e45b41edccd5cc
Author: Gerald Low <gerald.low@skyscanner.net>
Date:   Sat Feb 23 10:26:11 2019 +0000

    MPI test velocity settings

M	Burgers.cpp
M	main.cpp

commit 78b7a77d4e97b81bb4b56dfe9b64be29aa95be99
Author: Gerald Low <gerald.low@skyscanner.net>
Date:   Fri Feb 22 23:06:19 2019 +0000

    Initial commit MPI implementation

M	Burgers.cpp
M	Makefile
M	Model.cpp
M	Model.h

commit 47f0b016b0191711e642fc4a4f7f56aead844722
Author: Gerald Low <gerald.low@skyscanner.net>
Date:   Thu Feb 21 14:29:03 2019 +0000

    Refactor wrapper functions, add documentation for Burgers class

M	BLAS_Wrapper.h
M	Burgers.cpp

commit f4513997114a040b2b412d37ea39e1bab8f38041
Author: Gerald Low <gerald.low@skyscanner.net>
Date:   Thu Feb 21 13:20:17 2019 +0000

    Add .gitignore to directory, specify invalidArg test in Makefile

A	.gitignore
M	Makefile

commit a049cc00b088818ef9b0a294f876602bd491078d
Author: Gerald Low <gerald.low@skyscanner.net>
Date:   Thu Feb 21 13:13:09 2019 +0000

    Remove ide related files from git

D	.idea/encodings.xml
D	.idea/hpc_coursework.iml
D	.idea/misc.xml
D	.idea/modules.xml
D	.idea/vcs.xml
D	.idea/workspace.xml
D	CMakeLists.txt
D	cmake-build-debug/CMakeCache.txt
D	cmake-build-debug/CMakeFiles/3.13.2/CMakeCCompiler.cmake
D	cmake-build-debug/CMakeFiles/3.13.2/CMakeCXXCompiler.cmake
D	cmake-build-debug/CMakeFiles/3.13.2/CMakeDetermineCompilerABI_C.bin
D	cmake-build-debug/CMakeFiles/3.13.2/CMakeDetermineCompilerABI_CXX.bin
D	cmake-build-debug/CMakeFiles/3.13.2/CMakeSystem.cmake
D	cmake-build-debug/CMakeFiles/3.13.2/CompilerIdC/CMakeCCompilerId.c
D	cmake-build-debug/CMakeFiles/3.13.2/CompilerIdC/a.out
D	cmake-build-debug/CMakeFiles/3.13.2/CompilerIdCXX/CMakeCXXCompilerId.cpp
D	cmake-build-debug/CMakeFiles/3.13.2/CompilerIdCXX/a.out
D	cmake-build-debug/CMakeFiles/CMakeDirectoryInformation.cmake
D	cmake-build-debug/CMakeFiles/CMakeOutput.log
D	cmake-build-debug/CMakeFiles/Makefile.cmake
D	cmake-build-debug/CMakeFiles/Makefile2
D	cmake-build-debug/CMakeFiles/TargetDirectories.txt
D	cmake-build-debug/CMakeFiles/clion-environment.txt
D	cmake-build-debug/CMakeFiles/clion-log.txt
D	cmake-build-debug/CMakeFiles/cmake.check_cache
D	cmake-build-debug/CMakeFiles/feature_tests.bin
D	cmake-build-debug/CMakeFiles/feature_tests.c
D	cmake-build-debug/CMakeFiles/feature_tests.cxx
D	cmake-build-debug/CMakeFiles/hpc_coursework.dir/Burgers.cpp.o
D	cmake-build-debug/CMakeFiles/hpc_coursework.dir/CXX.includecache
D	cmake-build-debug/CMakeFiles/hpc_coursework.dir/DependInfo.cmake
D	cmake-build-debug/CMakeFiles/hpc_coursework.dir/Model.cpp.o
D	cmake-build-debug/CMakeFiles/hpc_coursework.dir/build.make
D	cmake-build-debug/CMakeFiles/hpc_coursework.dir/cmake_clean.cmake
D	cmake-build-debug/CMakeFiles/hpc_coursework.dir/depend.internal
D	cmake-build-debug/CMakeFiles/hpc_coursework.dir/depend.make
D	cmake-build-debug/CMakeFiles/hpc_coursework.dir/flags.make
D	cmake-build-debug/CMakeFiles/hpc_coursework.dir/link.txt
D	cmake-build-debug/CMakeFiles/hpc_coursework.dir/main.cpp.o
D	cmake-build-debug/CMakeFiles/hpc_coursework.dir/progress.make
D	cmake-build-debug/CMakeFiles/progress.marks
D	cmake-build-debug/Makefile
D	cmake-build-debug/cmake_install.cmake
D	cmake-build-debug/data.txt
D	cmake-build-debug/hpc_coursework
D	cmake-build-debug/hpc_coursework.cbp
D	cmake-build-debug/hpc_coursework.dSYM/Contents/Info.plist
D	cmake-build-debug/hpc_coursework.dSYM/Contents/Resources/DWARF/hpc_coursework

commit acb6454c33f691baf255e3d986002cf113e12658
Author: Gerald Low <gerald.low@skyscanner.net>
Date:   Thu Feb 21 12:58:10 2019 +0000

    Fixes to pointer allocation and spacings dx,dy,dt

M	Burgers.cpp
M	Makefile
M	Model.cpp

commit ddfbdf4f7f5f795b20ae97c8ecb2751c6f8c2861
Author: Gerald Low <gerald.low@skyscanner.net>
Date:   Thu Feb 21 12:13:14 2019 +0000

    Rewrite SetEnergy and WriteVelocityFile, Fix Burger parameters

M	Burgers.cpp
M	Burgers.h
M	Helpers.cpp
M	Helpers.h

commit e4dcbc724432730e75a1f17b08d052b830201da7
Author: Gerald Low <gerald.low@skyscanner.net>
Date:   Thu Feb 21 10:11:54 2019 +0000

    Fix GenSymm and GenTrmm

M	Burgers.cpp
M	Helpers.cpp
M	Helpers.h

commit 3228b9b534f213c9ac8fc332530f16c4c4b6d973
Author: Gerald Low <gerald.low@skyscanner.net>
Date:   Thu Feb 21 00:27:52 2019 +0000

    Stylistic refactor

M	Burgers.cpp
M	Helpers.cpp
M	main.cpp

commit dfda05237edf390ff7e13b8b495e9ee4f9397f84
Author: Gerald Low <gerald.low@skyscanner.net>
Date:   Wed Feb 20 21:47:47 2019 +0000

    Implement SetIntegratedVelocity(), Debugging TBD

R061	blas_wrapper.h	BLAS_Wrapper.h
M	Burgers.cpp
M	Burgers.h
A	Helpers.cpp
A	Helpers.h
M	Makefile

commit 77539b004598703148d895d3b2cdf3c862d5d087
Author: Gerald Low <gerald.low@skyscanner.net>
Date:   Wed Feb 20 17:46:41 2019 +0000

    Add linker for blas and blas_wrapper functions

M	Makefile
A	blas_wrapper.h

commit 102af58dc3e1d79490159cfc9126b2bc39117c54
Author: Gerald Low <gerald.low@skyscanner.net>
Date:   Wed Feb 20 17:43:43 2019 +0000

    Reset SetIntegratedVelocity to blank space

M	Burgers.cpp
M	Burgers.h

commit 19c43d3017fdfe0f855f00a996b674bc8fc12d82
Author: Gerald Low <gerald.low@skyscanner.net>
Date:   Wed Feb 20 17:39:57 2019 +0000

    Refactor change SetInitialVelocity to column-major format

M	Burgers.cpp
M	Burgers.h
M	Model.cpp

commit 410074dc43b76f7ef8f3435c5c5701aeda1c208a
Author: Gerald Low <gerald.low@skyscanner.net>
Date:   Mon Feb 18 20:12:11 2019 +0000

    Add SetEnergy function

M	Burgers.cpp
M	Burgers.h
M	main.cpp

commit 15a297457e89a90b944704a90590e3f4d0be2eb4
Author: Gerald Low <gerald.low@skyscanner.net>
Date:   Mon Feb 18 19:51:05 2019 +0000

    Conform to assignment make naming conventions

M	Makefile

commit 4bef605649e7f4dc247f2f770303e8b21533cdd2
Author: Gerald Low <gerald.low@skyscanner.net>
Date:   Mon Feb 18 19:30:03 2019 +0000

    Add remote server on GitHub and commit all files

A	.idea/encodings.xml
A	.idea/hpc_coursework.iml
A	.idea/misc.xml
A	.idea/modules.xml
A	.idea/vcs.xml
A	.idea/workspace.xml
A	CMakeLists.txt
A	cmake-build-debug/CMakeCache.txt
A	cmake-build-debug/CMakeFiles/3.13.2/CMakeCCompiler.cmake
A	cmake-build-debug/CMakeFiles/3.13.2/CMakeCXXCompiler.cmake
A	cmake-build-debug/CMakeFiles/3.13.2/CMakeDetermineCompilerABI_C.bin
A	cmake-build-debug/CMakeFiles/3.13.2/CMakeDetermineCompilerABI_CXX.bin
A	cmake-build-debug/CMakeFiles/3.13.2/CMakeSystem.cmake
A	cmake-build-debug/CMakeFiles/3.13.2/CompilerIdC/CMakeCCompilerId.c
A	cmake-build-debug/CMakeFiles/3.13.2/CompilerIdC/a.out
A	cmake-build-debug/CMakeFiles/3.13.2/CompilerIdCXX/CMakeCXXCompilerId.cpp
A	cmake-build-debug/CMakeFiles/3.13.2/CompilerIdCXX/a.out
A	cmake-build-debug/CMakeFiles/CMakeDirectoryInformation.cmake
A	cmake-build-debug/CMakeFiles/CMakeOutput.log
A	cmake-build-debug/CMakeFiles/Makefile.cmake
A	cmake-build-debug/CMakeFiles/Makefile2
A	cmake-build-debug/CMakeFiles/TargetDirectories.txt
A	cmake-build-debug/CMakeFiles/clion-environment.txt
A	cmake-build-debug/CMakeFiles/clion-log.txt
A	cmake-build-debug/CMakeFiles/cmake.check_cache
A	cmake-build-debug/CMakeFiles/feature_tests.bin
A	cmake-build-debug/CMakeFiles/feature_tests.c
A	cmake-build-debug/CMakeFiles/feature_tests.cxx
A	cmake-build-debug/CMakeFiles/hpc_coursework.dir/Burgers.cpp.o
A	cmake-build-debug/CMakeFiles/hpc_coursework.dir/CXX.includecache
A	cmake-build-debug/CMakeFiles/hpc_coursework.dir/DependInfo.cmake
A	cmake-build-debug/CMakeFiles/hpc_coursework.dir/Model.cpp.o
A	cmake-build-debug/CMakeFiles/hpc_coursework.dir/build.make
A	cmake-build-debug/CMakeFiles/hpc_coursework.dir/cmake_clean.cmake
A	cmake-build-debug/CMakeFiles/hpc_coursework.dir/depend.internal
A	cmake-build-debug/CMakeFiles/hpc_coursework.dir/depend.make
A	cmake-build-debug/CMakeFiles/hpc_coursework.dir/flags.make
A	cmake-build-debug/CMakeFiles/hpc_coursework.dir/link.txt
A	cmake-build-debug/CMakeFiles/hpc_coursework.dir/main.cpp.o
A	cmake-build-debug/CMakeFiles/hpc_coursework.dir/progress.make
A	cmake-build-debug/CMakeFiles/progress.marks
A	cmake-build-debug/Makefile
A	cmake-build-debug/cmake_install.cmake
A	cmake-build-debug/data.txt
A	cmake-build-debug/hpc_coursework
A	cmake-build-debug/hpc_coursework.cbp
A	cmake-build-debug/hpc_coursework.dSYM/Contents/Info.plist
A	cmake-build-debug/hpc_coursework.dSYM/Contents/Resources/DWARF/hpc_coursework

commit 1c50d1fbd0cfad7f148b3d7ec1832c191aecccf6
Author: Gerald Low <gerald.low@skyscanner.net>
Date:   Sun Feb 17 00:25:59 2019 +0000

    Suppress warnings by commenting out timer functions

M	Model.cpp
M	main.cpp

commit 04c54492c8e6db3b6c9defa3fd5e4aa23134ceac
Author: Gerald Low <gerald.low@skyscanner.net>
Date:   Sun Feb 17 00:24:35 2019 +0000

    Fixed deleting of dynamically allocated pointers

M	Burgers.cpp
M	Burgers.h

commit 5e58fbd64688c1a9312e5ac8076a9e511c87a010
Author: Gerald Low <gerald.low@skyscanner.net>
Date:   Sat Feb 16 21:32:10 2019 +0000

    Add ParseException.h to Makefile

M	Makefile

commit ca40c8c900fbf2867f390c655cb54e83883e1133
Author: Gerald Low <gerald.low@skyscanner.net>
Date:   Sat Feb 16 21:25:57 2019 +0000

    Fixed minor syntax errors

M	Burgers.cpp
M	Model.cpp

commit 6651c297efe39a0220401fe0120fb3ec554c6cfe
Author: Gerald Low <gerald.low@skyscanner.net>
Date:   Sat Feb 16 21:25:04 2019 +0000

    Added Makefile with appropriate test cases

A	Makefile

commit ed3c49b8edd05b195bf0b5e0154577524f8b1553
Author: Gerald Low <gerald.low@skyscanner.net>
Date:   Sat Feb 16 21:03:11 2019 +0000

    Add PrintParameters()

M	Model.cpp
M	main.cpp

commit e90cd32d827c72eb566cf362808d6fb2b3749c2f
Author: Gerald Low <gerald.low@skyscanner.net>
Date:   Sat Feb 16 21:01:03 2019 +0000

    Defined appropriate destructors

M	Burgers.cpp
M	Model.cpp

commit a00d1a9e88de06c5ecb59bf1f9a8a18896a162e0
Author: Gerald Low <gerald.low@skyscanner.net>
Date:   Sat Feb 16 20:53:35 2019 +0000

    Implement integrated velocity field. Ready to test

M	Burgers.cpp
M	Burgers.h
M	main.cpp

commit 4ff322d5689576df48b5e71c4076c9866e46451d
Author: Gerald Low <gerald.low@skyscanner.net>
Date:   Sat Feb 16 20:52:37 2019 +0000

    Supplied correct params and edit illegalArgumentException

M	Model.cpp
M	Model.h
M	ParseException.h

commit 21ad6af8dd2b6ea971764e20bee1b2e3013b40a2
Author: Gerald Low <gerald.low@skyscanner.net>
Date:   Sat Feb 16 17:05:44 2019 +0000

    Implement SetInitialVelocity()

M	Burgers.cpp
M	Burgers.h

commit f7c5f61f782fa217accdbc5369797ab864d734f5
Author: Gerald Low <gerald.low@skyscanner.net>
Date:   Sat Feb 16 17:04:46 2019 +0000

    Add ParseException handler

M	Model.cpp
M	Model.h
A	ParseException.h

commit e341a0057de32b866e0aa5607500b24ae40cab43
Author: Gerald Low <gerald.low@skyscanner.net>
Date:   Sat Feb 16 15:41:01 2019 +0000

    Implement initialiser for Model class

A	Model.cpp

commit cfe1148055e6fd43eceb082060d80dc9fd14641f
Author: Gerald Low <gerald.low@skyscanner.net>
Date:   Sat Feb 16 15:40:31 2019 +0000

    Implement class structure for Burgers

A	Burgers.cpp
A	Burgers.h

commit 7a72e9a8ddb3551b2eafa3f3b0759e4377235ee4
Author: Gerald Low <gerald.low@skyscanner.net>
Date:   Sat Feb 16 15:39:29 2019 +0000

    Initial commit with template files provided

A	Model.h
A	main.cpp
